<?xml version="1.0" encoding="UTF-8"?>
<!-- Generated by org.testng.reporters.JUnitReportReporter -->
<testsuite skipped="0" hostname="DESKTOP-KCCH660" name="Runner.APIRunner" tests="1" failures="0" timestamp="2023-06-10T17:52:13 BDT" time="2.937" errors="0">
  <testcase name="runScenario" time="2.937" classname="Runner.APIRunner"/>
  <system-out/>
</testsuite> <!-- Runner.APIRunner -->
