<?xml version="1.0" encoding="UTF-8"?>
<!-- Generated by org.testng.reporters.JUnitReportReporter -->
<testsuite skipped="0" hostname="DESKTOP-KCCH660" name="PostAPI" tests="1" failures="0" timestamp="2023-06-10T17:52:13 BDT" time="0.746" errors="0">
  <testcase name="postMethodCall2" time="0.746" classname="PostAPI"/>
  <system-out/>
</testsuite> <!-- PostAPI -->
